  ServerInforForm.cpp
e:\documents\midterm_exercise\client\client\loginform.h(169): error C2039: 'ServerInforForm': is not a member of 'Client'
  e:\documents\midterm_exercise\client\client\loginform.h(8): note: see declaration of 'Client'
e:\documents\midterm_exercise\client\client\loginform.h(169): error C2065: 'ServerInforForm': undeclared identifier
e:\documents\midterm_exercise\client\client\loginform.h(169): error C2146: syntax error: missing ';' before identifier 'serverInfor'
e:\documents\midterm_exercise\client\client\loginform.h(169): error C2065: 'serverInfor': undeclared identifier
e:\documents\midterm_exercise\client\client\loginform.h(170): error C2065: 'serverInfor': undeclared identifier
  Source.cpp
e:\documents\midterm_exercise\client\client\loginform.h(169): error C2039: 'ServerInforForm': is not a member of 'Client'
  e:\documents\midterm_exercise\client\client\loginform.h(8): note: see declaration of 'Client'
e:\documents\midterm_exercise\client\client\loginform.h(169): error C2065: 'ServerInforForm': undeclared identifier
e:\documents\midterm_exercise\client\client\loginform.h(169): error C2146: syntax error: missing ';' before identifier 'serverInfor'
e:\documents\midterm_exercise\client\client\loginform.h(169): error C2065: 'serverInfor': undeclared identifier
e:\documents\midterm_exercise\client\client\loginform.h(170): error C2065: 'serverInfor': undeclared identifier
e:\documents\midterm_exercise\client\client\loginform.h(20): error C2011: 'Client::LoginForm': 'class' type redefinition
  e:\documents\midterm_exercise\client\client\loginform.h(20): note: see declaration of 'Client::LoginForm'
e:\documents\midterm_exercise\client\client\source.cpp(7): error C2079: 'form' uses undefined class 'Client::LoginForm'
e:\documents\midterm_exercise\client\client\source.cpp(8): error C3071: operator '%' can only be applied to an instance of a ref class or a value-type
e:\documents\midterm_exercise\client\client\source.cpp(8): error C2665: 'System::Windows::Forms::Application::Run': none of the 3 overloads could convert all the argument types
  e:\documents\midterm_exercise\client\client\source.cpp(8): note: could be 'void System::Windows::Forms::Application::Run(System::Windows::Forms::ApplicationContext ^)'
  e:\documents\midterm_exercise\client\client\source.cpp(8): note: or       'void System::Windows::Forms::Application::Run(System::Windows::Forms::Form ^)'
  e:\documents\midterm_exercise\client\client\source.cpp(8): note: while trying to match the argument list '(int)'
  Generating Code...
